Starting help content generation...
Copied image: redirects.jpg
Processed regular file: button-help.adoc
Processed regular file: field-help.adoc
Processed regular file: redirects.adoc
Processed regular file: tabs-help.adoc
Deep Dive Content:
= Redirects Deep Dive

== Source
The *Source* column shows the original URL that users visit. This is where the redirect begins.

== Target
The *Target* column lists the new URL where users are sent. This is the destination of the redirect.

== Code
The *Code* column indicates the HTTP status code (e.g., 301 for permanent, 302 for temporary). It tells browsers how to handle the redirect.

== Status
The *Status* column shows if the redirect is *Active* or *Inactive*. Only active redirects are applied.

== Created
The *Created* column records when the redirect was first added. Useful for tracking history!

== Updated
The *Updated* column shows the last time the redirect was modified. Keeps you up-to-date!
Found Sections: 6
Section: source, HTML: <div class="sect1">
<h2 id="_source">Source</h2>
<div class="sectionbody">
<div class="paragraph">
<p>The <strong>Source</strong> column shows the original URL that users visit. This is where the redirect begins.</p>
</div>
</div>
</div>
Section: target, HTML: <div class="sect1">
<h2 id="_target">Target</h2>
<div class="sectionbody">
<div class="paragraph">
<p>The <strong>Target</strong> column lists the new URL where users are sent. This is the destination of the redirect.</p>
</div>
</div>
</div>
Section: code, HTML: <div class="sect1">
<h2 id="_code">Code</h2>
<div class="sectionbody">
<div class="paragraph">
<p>The <strong>Code</strong> column indicates the HTTP status code (e.g., 301 for permanent, 302 for temporary). It tells browsers how to handle the redirect.</p>
</div>
</div>
</div>
Section: status, HTML: <div class="sect1">
<h2 id="_status">Status</h2>
<div class="sectionbody">
<div class="paragraph">
<p>The <strong>Status</strong> column shows if the redirect is <strong>Active</strong> or <strong>Inactive</strong>. Only active redirects are applied.</p>
</div>
</div>
</div>
Section: created, HTML: <div class="sect1">
<h2 id="_created">Created</h2>
<div class="sectionbody">
<div class="paragraph">
<p>The <strong>Created</strong> column records when the redirect was first added. Useful for tracking history!</p>
</div>
</div>
</div>
Section: updated, HTML: <div class="sect1">
<h2 id="_updated">Updated</h2>
<div class="sectionbody">
<div class="paragraph">
<p>The <strong>Updated</strong> column shows the last time the redirect was modified. Keeps you up-to-date!</p>
</div>
</div>
</div>
Help content and images generated!
